Flow report for Decodificador
Fri Nov 18 10:45:20 2022
Quartus II 64-Bit Version 13.0.1 Build 232 06/12/2013 Service Pack 1 SJ Web Edition


---------------------
; Table of Contents ;
---------------------
  1. Legal Notice
  2. Flow Summary
  3. Flow Settings
  4. Flow Non-Default Global Settings
  5. Flow Elapsed Time
  6. Flow OS Summary
  7. Flow Log
  8. Flow Messages
  9. Flow Suppressed Messages



----------------
; Legal Notice ;
----------------
Copyright (C) 1991-2013 Altera Corporation
Your use of Altera Corporation's design tools, logic functions 
and other software and tools, and its AMPP partner logic 
functions, and any output files from any of the foregoing 
(including device programming or simulation files), and any 
associated documentation or information are expressly subject 
to the terms and conditions of the Altera Program License 
Subscription Agreement, Altera MegaCore Function License 
Agreement, or other applicable license agreement, including, 
without limitation, that your use is for the sole purpose of 
programming logic devices manufactured by Altera and sold by 
Altera or its authorized distributors.  Please refer to the 
applicable agreement for further details.



+--------------------------------------------------------------------------------------+
; Flow Summary                                                                         ;
+------------------------------------+-------------------------------------------------+
; Flow Status                        ; Successful - Fri Nov 18 10:45:20 2022           ;
; Quartus II 64-Bit Version          ; 13.0.1 Build 232 06/12/2013 SP 1 SJ Web Edition ;
; Revision Name                      ; Decodificador                                   ;
; Top-level Entity Name              ; Decodificador                                   ;
; Family                             ; Cyclone II                                      ;
; Device                             ; EP2C35F672C6                                    ;
; Timing Models                      ; Final                                           ;
; Total logic elements               ; 4 / 33,216 ( < 1 % )                            ;
;     Total combinational functions  ; 4 / 33,216 ( < 1 % )                            ;
;     Dedicated logic registers      ; 0 / 33,216 ( 0 % )                              ;
; Total registers                    ; 0                                               ;
; Total pins                         ; 6 / 475 ( 1 % )                                 ;
; Total virtual pins                 ; 0                                               ;
; Total memory bits                  ; 0 / 483,840 ( 0 % )                             ;
; Embedded Multiplier 9-bit elements ; 0 / 70 ( 0 % )                                  ;
; Total PLLs                         ; 0 / 4 ( 0 % )                                   ;
+------------------------------------+-------------------------------------------------+


+-----------------------------------------+
; Flow Settings                           ;
+-------------------+---------------------+
; Option            ; Setting             ;
+-------------------+---------------------+
; Start date & time ; 11/18/2022 10:45:08 ;
; Main task         ; Compilation         ;
; Revision Name     ; Decodificador       ;
+-------------------+---------------------+


+------------------------------------------------------------------------------------------------------------------------+
; Flow Non-Default Global Settings                                                                                       ;
+--------------------------------------+--------------------------------+---------------+-------------+------------------+
; Assignment Name                      ; Value                          ; Default Value ; Entity Name ; Section Id       ;
+--------------------------------------+--------------------------------+---------------+-------------+------------------+
; COMPILER_SIGNATURE_ID                ; 35490522559178.166877910804972 ; --            ; --          ; --               ;
; EDA_DESIGN_INSTANCE_NAME             ; NA                             ; --            ; --          ; tb_Decodificador ;
; EDA_NATIVELINK_SIMULATION_TEST_BENCH ; tb_Decodificador               ; --            ; --          ; eda_simulation   ;
; EDA_OUTPUT_DATA_FORMAT               ; Vhdl                           ; --            ; --          ; eda_simulation   ;
; EDA_SIMULATION_TOOL                  ; ModelSim-Altera (VHDL)         ; <None>        ; --          ; --               ;
; EDA_TEST_BENCH_ENABLE_STATUS         ; TEST_BENCH_MODE                ; --            ; --          ; eda_simulation   ;
; EDA_TEST_BENCH_FILE                  ; tb_Decodificador.vhd           ; --            ; --          ; tb_Decodificador ;
; EDA_TEST_BENCH_MODULE_NAME           ; tb_Decodificador               ; --            ; --          ; tb_Decodificador ;
; EDA_TEST_BENCH_NAME                  ; tb_Decodificador               ; --            ; --          ; eda_simulation   ;
; EDA_TEST_BENCH_RUN_SIM_FOR           ; 100 ns                         ; --            ; --          ; tb_Decodificador ;
; MAX_CORE_JUNCTION_TEMP               ; 85                             ; --            ; --          ; --               ;
; MIN_CORE_JUNCTION_TEMP               ; 0                              ; --            ; --          ; --               ;
; PARTITION_COLOR                      ; 16764057                       ; --            ; --          ; Top              ;
; PARTITION_FITTER_PRESERVATION_LEVEL  ; PLACEMENT_AND_ROUTING          ; --            ; --          ; Top              ;
; PARTITION_NETLIST_TYPE               ; SOURCE                         ; --            ; --          ; Top              ;
; PROJECT_OUTPUT_DIRECTORY             ; output_files                   ; --            ; --          ; --               ;
+--------------------------------------+--------------------------------+---------------+-------------+------------------+


+-------------------------------------------------------------------------------------------------------------------------------+
; Flow Elapsed Time                                                                                                             ;
+---------------------------+--------------+-------------------------+---------------------+------------------------------------+
; Module Name               ; Elapsed Time ; Average Processors Used ; Peak Virtual Memory ; Total CPU Time (on all processors) ;
+---------------------------+--------------+-------------------------+---------------------+------------------------------------+
; Analysis & Synthesis      ; 00:00:01     ; 1.0                     ; 476 MB              ; 00:00:01                           ;
; Fitter                    ; 00:00:04     ; 1.0                     ; 652 MB              ; 00:00:05                           ;
; Assembler                 ; 00:00:02     ; 1.0                     ; 419 MB              ; 00:00:02                           ;
; TimeQuest Timing Analyzer ; 00:00:00     ; 1.0                     ; 388 MB              ; 00:00:01                           ;
; EDA Netlist Writer        ; 00:00:01     ; 1.0                     ; 371 MB              ; 00:00:00                           ;
; Total                     ; 00:00:08     ; --                      ; --                  ; 00:00:09                           ;
+---------------------------+--------------+-------------------------+---------------------+------------------------------------+


+----------------------------------------------------------------------------------------+
; Flow OS Summary                                                                        ;
+---------------------------+------------------+-----------+------------+----------------+
; Module Name               ; Machine Hostname ; OS Name   ; OS Version ; Processor type ;
+---------------------------+------------------+-----------+------------+----------------+
; Analysis & Synthesis      ; EEUFMG-C3        ; Windows 7 ; 6.1        ; x86_64         ;
; Fitter                    ; EEUFMG-C3        ; Windows 7 ; 6.1        ; x86_64         ;
; Assembler                 ; EEUFMG-C3        ; Windows 7 ; 6.1        ; x86_64         ;
; TimeQuest Timing Analyzer ; EEUFMG-C3        ; Windows 7 ; 6.1        ; x86_64         ;
; EDA Netlist Writer        ; EEUFMG-C3        ; Windows 7 ; 6.1        ; x86_64         ;
+---------------------------+------------------+-----------+------------+----------------+


------------
; Flow Log ;
------------
quartus_map --read_settings_files=on --write_settings_files=off Decodificador -c Decodificador
quartus_fit --read_settings_files=off --write_settings_files=off Decodificador -c Decodificador
quartus_asm --read_settings_files=off --write_settings_files=off Decodificador -c Decodificador
quartus_sta Decodificador -c Decodificador
quartus_eda --read_settings_files=off --write_settings_files=off Decodificador -c Decodificador



