Analysis & Synthesis report for elevador
Wed Dec 07 19:58:34 2022
Quartus II 64-Bit Version 13.0.1 Build 232 06/12/2013 Service Pack 1 SJ Web Edition


---------------------
; Table of Contents ;
---------------------
  1. Legal Notice
  2. Analysis & Synthesis Summary
  3. Analysis & Synthesis Settings
  4. Parallel Compilation
  5. Analysis & Synthesis Source Files Read
  6. Analysis & Synthesis Resource Usage Summary
  7. Analysis & Synthesis Resource Utilization by Entity
  8. State Machine - |elevador|controladora:control|estado_atual
  9. User-Specified and Inferred Latches
 10. General Register Statistics
 11. Multiplexer Restructuring Statistics (Restructuring Performed)
 12. Port Connectivity Checks: "Datapath:path|FlipFlopD:reg_porta"
 13. Port Connectivity Checks: "Datapath:path|Contador:tempor|DivisorClock:div1"
 14. Port Connectivity Checks: "Datapath:path|FlipFlopD:r2"
 15. Port Connectivity Checks: "Datapath:path|FlipFlopD:r1"
 16. Port Connectivity Checks: "Datapath:path|FlipFlopD:r0"
 17. Elapsed Time Per Partition
 18. Analysis & Synthesis Messages



----------------
; Legal Notice ;
----------------
Copyright (C) 1991-2013 Altera Corporation
Your use of Altera Corporation's design tools, logic functions 
and other software and tools, and its AMPP partner logic 
functions, and any output files from any of the foregoing 
(including device programming or simulation files), and any 
associated documentation or information are expressly subject 
to the terms and conditions of the Altera Program License 
Subscription Agreement, Altera MegaCore Function License 
Agreement, or other applicable license agreement, including, 
without limitation, that your use is for the sole purpose of 
programming logic devices manufactured by Altera and sold by 
Altera or its authorized distributors.  Please refer to the 
applicable agreement for further details.



+--------------------------------------------------------------------------------------+
; Analysis & Synthesis Summary                                                         ;
+------------------------------------+-------------------------------------------------+
; Analysis & Synthesis Status        ; Successful - Wed Dec 07 19:58:34 2022           ;
; Quartus II 64-Bit Version          ; 13.0.1 Build 232 06/12/2013 SP 1 SJ Web Edition ;
; Revision Name                      ; elevador                                        ;
; Top-level Entity Name              ; elevador                                        ;
; Family                             ; Cyclone IV E                                    ;
; Total logic elements               ; 120                                             ;
;     Total combinational functions  ; 120                                             ;
;     Dedicated logic registers      ; 42                                              ;
; Total registers                    ; 42                                              ;
; Total pins                         ; 26                                              ;
; Total virtual pins                 ; 0                                               ;
; Total memory bits                  ; 0                                               ;
; Embedded Multiplier 9-bit elements ; 0                                               ;
; Total PLLs                         ; 0                                               ;
+------------------------------------+-------------------------------------------------+


+----------------------------------------------------------------------------------------------------------------------+
; Analysis & Synthesis Settings                                                                                        ;
+----------------------------------------------------------------------------+--------------------+--------------------+
; Option                                                                     ; Setting            ; Default Value      ;
+----------------------------------------------------------------------------+--------------------+--------------------+
; Device                                                                     ; EP4CE115F29C7      ;                    ;
; Top-level entity name                                                      ; elevador           ; elevador           ;
; Family name                                                                ; Cyclone IV E       ; Cyclone IV GX      ;
; Use smart compilation                                                      ; Off                ; Off                ;
; Enable parallel Assembler and TimeQuest Timing Analyzer during compilation ; On                 ; On                 ;
; Enable compact report table                                                ; Off                ; Off                ;
; Restructure Multiplexers                                                   ; Auto               ; Auto               ;
; Create Debugging Nodes for IP Cores                                        ; Off                ; Off                ;
; Preserve fewer node names                                                  ; On                 ; On                 ;
; Disable OpenCore Plus hardware evaluation                                  ; Off                ; Off                ;
; Verilog Version                                                            ; Verilog_2001       ; Verilog_2001       ;
; VHDL Version                                                               ; VHDL_1993          ; VHDL_1993          ;
; State Machine Processing                                                   ; Auto               ; Auto               ;
; Safe State Machine                                                         ; Off                ; Off                ;
; Extract Verilog State Machines                                             ; On                 ; On                 ;
; Extract VHDL State Machines                                                ; On                 ; On                 ;
; Ignore Verilog initial constructs                                          ; Off                ; Off                ;
; Iteration limit for constant Verilog loops                                 ; 5000               ; 5000               ;
; Iteration limit for non-constant Verilog loops                             ; 250                ; 250                ;
; Add Pass-Through Logic to Inferred RAMs                                    ; On                 ; On                 ;
; Infer RAMs from Raw Logic                                                  ; On                 ; On                 ;
; Parallel Synthesis                                                         ; On                 ; On                 ;
; DSP Block Balancing                                                        ; Auto               ; Auto               ;
; NOT Gate Push-Back                                                         ; On                 ; On                 ;
; Power-Up Don't Care                                                        ; On                 ; On                 ;
; Remove Redundant Logic Cells                                               ; Off                ; Off                ;
; Remove Duplicate Registers                                                 ; On                 ; On                 ;
; Ignore CARRY Buffers                                                       ; Off                ; Off                ;
; Ignore CASCADE Buffers                                                     ; Off                ; Off                ;
; Ignore GLOBAL Buffers                                                      ; Off                ; Off                ;
; Ignore ROW GLOBAL Buffers                                                  ; Off                ; Off                ;
; Ignore LCELL Buffers                                                       ; Off                ; Off                ;
; Ignore SOFT Buffers                                                        ; On                 ; On                 ;
; Limit AHDL Integers to 32 Bits                                             ; Off                ; Off                ;
; Optimization Technique                                                     ; Balanced           ; Balanced           ;
; Carry Chain Length                                                         ; 70                 ; 70                 ;
; Auto Carry Chains                                                          ; On                 ; On                 ;
; Auto Open-Drain Pins                                                       ; On                 ; On                 ;
; Perform WYSIWYG Primitive Resynthesis                                      ; Off                ; Off                ;
; Auto ROM Replacement                                                       ; On                 ; On                 ;
; Auto RAM Replacement                                                       ; On                 ; On                 ;
; Auto DSP Block Replacement                                                 ; On                 ; On                 ;
; Auto Shift Register Replacement                                            ; Auto               ; Auto               ;
; Allow Shift Register Merging across Hierarchies                            ; Auto               ; Auto               ;
; Auto Clock Enable Replacement                                              ; On                 ; On                 ;
; Strict RAM Replacement                                                     ; Off                ; Off                ;
; Allow Synchronous Control Signals                                          ; On                 ; On                 ;
; Force Use of Synchronous Clear Signals                                     ; Off                ; Off                ;
; Auto RAM Block Balancing                                                   ; On                 ; On                 ;
; Auto RAM to Logic Cell Conversion                                          ; Off                ; Off                ;
; Auto Resource Sharing                                                      ; Off                ; Off                ;
; Allow Any RAM Size For Recognition                                         ; Off                ; Off                ;
; Allow Any ROM Size For Recognition                                         ; Off                ; Off                ;
; Allow Any Shift Register Size For Recognition                              ; Off                ; Off                ;
; Use LogicLock Constraints during Resource Balancing                        ; On                 ; On                 ;
; Ignore translate_off and synthesis_off directives                          ; Off                ; Off                ;
; Timing-Driven Synthesis                                                    ; On                 ; On                 ;
; Report Parameter Settings                                                  ; On                 ; On                 ;
; Report Source Assignments                                                  ; On                 ; On                 ;
; Report Connectivity Checks                                                 ; On                 ; On                 ;
; Ignore Maximum Fan-Out Assignments                                         ; Off                ; Off                ;
; Synchronization Register Chain Length                                      ; 2                  ; 2                  ;
; PowerPlay Power Optimization                                               ; Normal compilation ; Normal compilation ;
; HDL message level                                                          ; Level2             ; Level2             ;
; Suppress Register Optimization Related Messages                            ; Off                ; Off                ;
; Number of Removed Registers Reported in Synthesis Report                   ; 5000               ; 5000               ;
; Number of Swept Nodes Reported in Synthesis Report                         ; 5000               ; 5000               ;
; Number of Inverted Registers Reported in Synthesis Report                  ; 100                ; 100                ;
; Clock MUX Protection                                                       ; On                 ; On                 ;
; Auto Gated Clock Conversion                                                ; Off                ; Off                ;
; Block Design Naming                                                        ; Auto               ; Auto               ;
; SDC constraint protection                                                  ; Off                ; Off                ;
; Synthesis Effort                                                           ; Auto               ; Auto               ;
; Shift Register Replacement - Allow Asynchronous Clear Signal               ; On                 ; On                 ;
; Pre-Mapping Resynthesis Optimization                                       ; Off                ; Off                ;
; Analysis & Synthesis Message Level                                         ; Medium             ; Medium             ;
; Disable Register Merging Across Hierarchies                                ; Auto               ; Auto               ;
; Resource Aware Inference For Block RAM                                     ; On                 ; On                 ;
; Synthesis Seed                                                             ; 1                  ; 1                  ;
+----------------------------------------------------------------------------+--------------------+--------------------+


Parallel compilation was disabled, but you have multiple processors available. Enable parallel compilation to reduce compilation time.
+-------------------------------------+
; Parallel Compilation                ;
+----------------------------+--------+
; Processors                 ; Number ;
+----------------------------+--------+
; Number detected on machine ; 8      ;
; Maximum allowed            ; 1      ;
+----------------------------+--------+


+--------------------------------------------------------------------------------------------------------------------------------------------------------------+
; Analysis & Synthesis Source Files Read                                                                                                                       ;
+------------------------------------+-----------------+-----------------+---------------------------------------------------------------------------+---------+
; File Name with User-Entered Path   ; Used in Netlist ; File Type       ; File Name with Absolute Path                                              ; Library ;
+------------------------------------+-----------------+-----------------+---------------------------------------------------------------------------+---------+
; Controladora/Controladora.vhd      ; yes             ; User VHDL File  ; C:/Users/Demo/Desktop/LSD-dev/elevador/Controladora/Controladora.vhd      ;         ;
; Datapath/Contador/DivisorClock.vhd ; yes             ; User VHDL File  ; C:/Users/Demo/Desktop/LSD-dev/elevador/Datapath/Contador/DivisorClock.vhd ;         ;
; Datapath/Contador/Contador.vhd     ; yes             ; User VHDL File  ; C:/Users/Demo/Desktop/LSD-dev/elevador/Datapath/Contador/Contador.vhd     ;         ;
; Datapath/Reg_Motor.vhd             ; yes             ; User VHDL File  ; C:/Users/Demo/Desktop/LSD-dev/elevador/Datapath/Reg_Motor.vhd             ;         ;
; Datapath/multiplexador.vhd         ; yes             ; User VHDL File  ; C:/Users/Demo/Desktop/LSD-dev/elevador/Datapath/multiplexador.vhd         ;         ;
; Datapath/FlipFlopD.vhd             ; yes             ; User VHDL File  ; C:/Users/Demo/Desktop/LSD-dev/elevador/Datapath/FlipFlopD.vhd             ;         ;
; Datapath/Decodificador.vhd         ; yes             ; User VHDL File  ; C:/Users/Demo/Desktop/LSD-dev/elevador/Datapath/Decodificador.vhd         ;         ;
; Datapath/Datapath.vhd              ; yes             ; User VHDL File  ; C:/Users/Demo/Desktop/LSD-dev/elevador/Datapath/Datapath.vhd              ;         ;
; Datapath/BCD_7seg.vhd              ; yes             ; User VHDL File  ; C:/Users/Demo/Desktop/LSD-dev/elevador/Datapath/BCD_7seg.vhd              ;         ;
; elevador.vhd                       ; yes             ; User VHDL File  ; C:/Users/Demo/Desktop/LSD-dev/elevador/elevador.vhd                       ;         ;
+------------------------------------+-----------------+-----------------+---------------------------------------------------------------------------+---------+


+---------------------------------------------------------+
; Analysis & Synthesis Resource Usage Summary             ;
+---------------------------------------------+-----------+
; Resource                                    ; Usage     ;
+---------------------------------------------+-----------+
; Estimated Total logic elements              ; 120       ;
;                                             ;           ;
; Total combinational functions               ; 120       ;
; Logic element usage by number of LUT inputs ;           ;
;     -- 4 input functions                    ; 40        ;
;     -- 3 input functions                    ; 22        ;
;     -- <=2 input functions                  ; 58        ;
;                                             ;           ;
; Logic elements by mode                      ;           ;
;     -- normal mode                          ; 96        ;
;     -- arithmetic mode                      ; 24        ;
;                                             ;           ;
; Total registers                             ; 42        ;
;     -- Dedicated logic registers            ; 42        ;
;     -- I/O registers                        ; 0         ;
;                                             ;           ;
; I/O pins                                    ; 26        ;
; Embedded Multiplier 9-bit elements          ; 0         ;
; Maximum fan-out node                        ; clk~input ;
; Maximum fan-out                             ; 40        ;
; Total fan-out                               ; 465       ;
; Average fan-out                             ; 2.17      ;
+---------------------------------------------+-----------+


+---------------------------------------------------------------------------------------------------------------------------------------------------------------------------------------------------------------------+
; Analysis & Synthesis Resource Utilization by Entity                                                                                                                                                                 ;
+------------------------------+-------------------+--------------+-------------+--------------+---------+-----------+------+--------------+-----------------------------------------------------------+--------------+
; Compilation Hierarchy Node   ; LC Combinationals ; LC Registers ; Memory Bits ; DSP Elements ; DSP 9x9 ; DSP 18x18 ; Pins ; Virtual Pins ; Full Hierarchy Name                                       ; Library Name ;
+------------------------------+-------------------+--------------+-------------+--------------+---------+-----------+------+--------------+-----------------------------------------------------------+--------------+
; |elevador                    ; 120 (0)           ; 42 (0)       ; 0           ; 0            ; 0       ; 0         ; 26   ; 0            ; |elevador                                                 ; work         ;
;    |Datapath:path|           ; 60 (0)            ; 34 (0)       ; 0           ; 0            ; 0       ; 0         ; 0    ; 0            ; |elevador|Datapath:path                                   ; work         ;
;       |Bcd_7seg:BCD|         ; 3 (3)             ; 0 (0)        ; 0           ; 0            ; 0       ; 0         ; 0    ; 0            ; |elevador|Datapath:path|Bcd_7seg:BCD                      ; work         ;
;       |Contador:tempor|      ; 49 (2)            ; 28 (2)       ; 0           ; 0            ; 0       ; 0         ; 0    ; 0            ; |elevador|Datapath:path|Contador:tempor                   ; work         ;
;          |DivisorClock:div1| ; 47 (47)           ; 26 (26)      ; 0           ; 0            ; 0       ; 0         ; 0    ; 0            ; |elevador|Datapath:path|Contador:tempor|DivisorClock:div1 ; work         ;
;       |Decodificador:decod|  ; 4 (4)             ; 0 (0)        ; 0           ; 0            ; 0       ; 0         ; 0    ; 0            ; |elevador|Datapath:path|Decodificador:decod               ; work         ;
;       |FlipFlopD:r0|         ; 0 (0)             ; 1 (1)        ; 0           ; 0            ; 0       ; 0         ; 0    ; 0            ; |elevador|Datapath:path|FlipFlopD:r0                      ; work         ;
;       |FlipFlopD:r1|         ; 0 (0)             ; 1 (1)        ; 0           ; 0            ; 0       ; 0         ; 0    ; 0            ; |elevador|Datapath:path|FlipFlopD:r1                      ; work         ;
;       |FlipFlopD:r2|         ; 0 (0)             ; 1 (1)        ; 0           ; 0            ; 0       ; 0         ; 0    ; 0            ; |elevador|Datapath:path|FlipFlopD:r2                      ; work         ;
;       |FlipFlopD:reg_porta|  ; 0 (0)             ; 1 (1)        ; 0           ; 0            ; 0       ; 0         ; 0    ; 0            ; |elevador|Datapath:path|FlipFlopD:reg_porta               ; work         ;
;       |Reg_Motor:reg_M|      ; 0 (0)             ; 2 (2)        ; 0           ; 0            ; 0       ; 0         ; 0    ; 0            ; |elevador|Datapath:path|Reg_Motor:reg_M                   ; work         ;
;       |multiplexador:mux0|   ; 1 (1)             ; 0 (0)        ; 0           ; 0            ; 0       ; 0         ; 0    ; 0            ; |elevador|Datapath:path|multiplexador:mux0                ; work         ;
;       |multiplexador:mux1|   ; 1 (1)             ; 0 (0)        ; 0           ; 0            ; 0       ; 0         ; 0    ; 0            ; |elevador|Datapath:path|multiplexador:mux1                ; work         ;
;       |multiplexador:mux2|   ; 2 (2)             ; 0 (0)        ; 0           ; 0            ; 0       ; 0         ; 0    ; 0            ; |elevador|Datapath:path|multiplexador:mux2                ; work         ;
;    |controladora:control|    ; 60 (60)           ; 8 (8)        ; 0           ; 0            ; 0       ; 0         ; 0    ; 0            ; |elevador|controladora:control                            ; work         ;
+------------------------------+-------------------+--------------+-------------+--------------+---------+-----------+------+--------------+-----------------------------------------------------------+--------------+
Note: For table entries with two numbers listed, the numbers in parentheses indicate the number of resources of the given type used by the specific entity alone. The numbers listed outside of parentheses indicate the total resources of the given type used by the specific entity and all of its sub-entities in the hierarchy.


Encoding Type:  One-Hot
+------------------------------------------------------------------------------------------------------------------------------------------------------------------------+
; State Machine - |elevador|controladora:control|estado_atual                                                                                                            ;
+------------------+------------------+------------------+-----------------+------------------+------------------+-----------------+------------------+------------------+
; Name             ; estado_atual.A_2 ; estado_atual.F_2 ; estado_atual.E2 ; estado_atual.A_1 ; estado_atual.F_1 ; estado_atual.E1 ; estado_atual.A_T ; estado_atual.F_T ;
+------------------+------------------+------------------+-----------------+------------------+------------------+-----------------+------------------+------------------+
; estado_atual.F_T ; 0                ; 0                ; 0               ; 0                ; 0                ; 0               ; 0                ; 0                ;
; estado_atual.A_T ; 0                ; 0                ; 0               ; 0                ; 0                ; 0               ; 1                ; 1                ;
; estado_atual.E1  ; 0                ; 0                ; 0               ; 0                ; 0                ; 1               ; 0                ; 1                ;
; estado_atual.F_1 ; 0                ; 0                ; 0               ; 0                ; 1                ; 0               ; 0                ; 1                ;
; estado_atual.A_1 ; 0                ; 0                ; 0               ; 1                ; 0                ; 0               ; 0                ; 1                ;
; estado_atual.E2  ; 0                ; 0                ; 1               ; 0                ; 0                ; 0               ; 0                ; 1                ;
; estado_atual.F_2 ; 0                ; 1                ; 0               ; 0                ; 0                ; 0               ; 0                ; 1                ;
; estado_atual.A_2 ; 1                ; 0                ; 0               ; 0                ; 0                ; 0               ; 0                ; 1                ;
+------------------+------------------+------------------+-----------------+------------------+------------------+-----------------+------------------+------------------+


+----------------------------------------------------------------------------------------------------------------+
; User-Specified and Inferred Latches                                                                            ;
+-----------------------------------------------------+---------------------------------+------------------------+
; Latch Name                                          ; Latch Enable Signal             ; Free of Timing Hazards ;
+-----------------------------------------------------+---------------------------------+------------------------+
; controladora:control|led[0]                         ; controladora:control|Selector9  ; yes                    ;
; controladora:control|led[1]                         ; controladora:control|Selector13 ; yes                    ;
; controladora:control|motor[0]                       ; controladora:control|Selector13 ; yes                    ;
; controladora:control|motor[1]                       ; controladora:control|Selector13 ; yes                    ;
; controladora:control|proximo_estado.E1_607          ; controladora:control|Selector11 ; yes                    ;
; controladora:control|proximo_estado.F_1_573         ; controladora:control|Selector11 ; yes                    ;
; controladora:control|proximo_estado.A_1_539         ; controladora:control|Selector11 ; yes                    ;
; controladora:control|proximo_estado.E2_505          ; controladora:control|Selector11 ; yes                    ;
; controladora:control|proximo_estado.F_2_471         ; controladora:control|Selector11 ; yes                    ;
; controladora:control|proximo_estado.A_2_437         ; controladora:control|Selector11 ; yes                    ;
; controladora:control|proximo_estado.A_T_641         ; controladora:control|Selector11 ; yes                    ;
; controladora:control|proximo_estado.F_T_675         ; controladora:control|Selector11 ; yes                    ;
; Number of user-specified and inferred latches = 12  ;                                 ;                        ;
+-----------------------------------------------------+---------------------------------+------------------------+
Note: All latches listed above may not be present at the end of synthesis due to various synthesis optimizations.


+------------------------------------------------------+
; General Register Statistics                          ;
+----------------------------------------------+-------+
; Statistic                                    ; Value ;
+----------------------------------------------+-------+
; Total registers                              ; 42    ;
; Number of registers using Synchronous Clear  ; 0     ;
; Number of registers using Synchronous Load   ; 0     ;
; Number of registers using Asynchronous Clear ; 0     ;
; Number of registers using Asynchronous Load  ; 0     ;
; Number of registers using Clock Enable       ; 2     ;
; Number of registers using Preset             ; 0     ;
+----------------------------------------------+-------+


+--------------------------------------------------------------------------------------------------------------------------------------------------------+
; Multiplexer Restructuring Statistics (Restructuring Performed)                                                                                         ;
+--------------------+-----------+---------------+----------------------+------------------------+------------+------------------------------------------+
; Multiplexer Inputs ; Bus Width ; Baseline Area ; Area if Restructured ; Saving if Restructured ; Registered ; Example Multiplexer Output               ;
+--------------------+-----------+---------------+----------------------+------------------------+------------+------------------------------------------+
; 4:1                ; 2 bits    ; 4 LEs         ; 4 LEs                ; 0 LEs                  ; No         ; |elevador|controladora:control|Selector0 ;
+--------------------+-----------+---------------+----------------------+------------------------+------------+------------------------------------------+


+---------------------------------------------------------------+
; Port Connectivity Checks: "Datapath:path|FlipFlopD:reg_porta" ;
+-------+-------+----------+------------------------------------+
; Port  ; Type  ; Severity ; Details                            ;
+-------+-------+----------+------------------------------------+
; reset ; Input ; Info     ; Stuck at VCC                       ;
+-------+-------+----------+------------------------------------+


+-----------------------------------------------------------------------------+
; Port Connectivity Checks: "Datapath:path|Contador:tempor|DivisorClock:div1" ;
+-------+-------+----------+--------------------------------------------------+
; Port  ; Type  ; Severity ; Details                                          ;
+-------+-------+----------+--------------------------------------------------+
; reset ; Input ; Info     ; Stuck at GND                                     ;
+-------+-------+----------+--------------------------------------------------+


+--------------------------------------------------------+
; Port Connectivity Checks: "Datapath:path|FlipFlopD:r2" ;
+-------+-------+----------+-----------------------------+
; Port  ; Type  ; Severity ; Details                     ;
+-------+-------+----------+-----------------------------+
; reset ; Input ; Info     ; Stuck at VCC                ;
+-------+-------+----------+-----------------------------+


+--------------------------------------------------------+
; Port Connectivity Checks: "Datapath:path|FlipFlopD:r1" ;
+-------+-------+----------+-----------------------------+
; Port  ; Type  ; Severity ; Details                     ;
+-------+-------+----------+-----------------------------+
; reset ; Input ; Info     ; Stuck at VCC                ;
+-------+-------+----------+-----------------------------+


+--------------------------------------------------------+
; Port Connectivity Checks: "Datapath:path|FlipFlopD:r0" ;
+-------+-------+----------+-----------------------------+
; Port  ; Type  ; Severity ; Details                     ;
+-------+-------+----------+-----------------------------+
; reset ; Input ; Info     ; Stuck at VCC                ;
+-------+-------+----------+-----------------------------+


+-------------------------------+
; Elapsed Time Per Partition    ;
+----------------+--------------+
; Partition Name ; Elapsed Time ;
+----------------+--------------+
; Top            ; 00:00:00     ;
+----------------+--------------+


+-------------------------------+
; Analysis & Synthesis Messages ;
+-------------------------------+
Info: *******************************************************************
Info: Running Quartus II 64-Bit Analysis & Synthesis
    Info: Version 13.0.1 Build 232 06/12/2013 Service Pack 1 SJ Web Edition
    Info: Processing started: Wed Dec 07 19:58:31 2022
Info: Command: quartus_map --read_settings_files=on --write_settings_files=off elevador -c elevador
Warning (20028): Parallel compilation is not licensed and has been disabled
Info (12021): Found 2 design units, including 1 entities, in source file controladora/controladora.vhd
    Info (12022): Found design unit 1: controladora-arch
    Info (12023): Found entity 1: controladora
Info (12021): Found 2 design units, including 1 entities, in source file datapath/contador/divisorclock.vhd
    Info (12022): Found design unit 1: DivisorClock-rtl
    Info (12023): Found entity 1: DivisorClock
Info (12021): Found 2 design units, including 1 entities, in source file datapath/contador/contador.vhd
    Info (12022): Found design unit 1: Contador-count_arch
    Info (12023): Found entity 1: Contador
Info (12021): Found 2 design units, including 1 entities, in source file datapath/reg_motor.vhd
    Info (12022): Found design unit 1: Reg_Motor-registrador
    Info (12023): Found entity 1: Reg_Motor
Info (12021): Found 2 design units, including 1 entities, in source file datapath/multiplexador.vhd
    Info (12022): Found design unit 1: multiplexador-Dataflow
    Info (12023): Found entity 1: multiplexador
Info (12021): Found 2 design units, including 1 entities, in source file datapath/flipflopd.vhd
    Info (12022): Found design unit 1: FlipFlopD-RTL
    Info (12023): Found entity 1: FlipFlopD
Info (12021): Found 2 design units, including 1 entities, in source file datapath/decodificador.vhd
    Info (12022): Found design unit 1: Decodificador-bhv
    Info (12023): Found entity 1: Decodificador
Info (12021): Found 2 design units, including 1 entities, in source file datapath/datapath.vhd
    Info (12022): Found design unit 1: Datapath-RTL
    Info (12023): Found entity 1: Datapath
Info (12021): Found 2 design units, including 1 entities, in source file datapath/bcd_7seg.vhd
    Info (12022): Found design unit 1: Bcd_7seg-with_select_bcd7seg
    Info (12023): Found entity 1: Bcd_7seg
Info (12021): Found 2 design units, including 1 entities, in source file elevador.vhd
    Info (12022): Found design unit 1: elevador-trab
    Info (12023): Found entity 1: elevador
Info (12021): Found 2 design units, including 1 entities, in source file tb_elevador.vhd
    Info (12022): Found design unit 1: tb_elevador-teste
    Info (12023): Found entity 1: tb_elevador
Info (12127): Elaborating entity "elevador" for the top level hierarchy
Info (12128): Elaborating entity "controladora" for hierarchy "controladora:control"
Warning (10631): VHDL Process Statement warning at Controladora.vhd(31): inferring latch(es) for signal or variable "motor", which holds its previous value in one or more paths through the process
Warning (10631): VHDL Process Statement warning at Controladora.vhd(31): inferring latch(es) for signal or variable "led", which holds its previous value in one or more paths through the process
Warning (10631): VHDL Process Statement warning at Controladora.vhd(31): inferring latch(es) for signal or variable "proximo_estado", which holds its previous value in one or more paths through the process
Warning (10631): VHDL Process Statement warning at Controladora.vhd(31): inferring latch(es) for signal or variable "r0_out", which holds its previous value in one or more paths through the process
Warning (10631): VHDL Process Statement warning at Controladora.vhd(31): inferring latch(es) for signal or variable "r1_out", which holds its previous value in one or more paths through the process
Warning (10631): VHDL Process Statement warning at Controladora.vhd(31): inferring latch(es) for signal or variable "r2_out", which holds its previous value in one or more paths through the process
Info (10041): Inferred latch for "r2_out" at Controladora.vhd(31)
Info (10041): Inferred latch for "r1_out" at Controladora.vhd(31)
Info (10041): Inferred latch for "r0_out" at Controladora.vhd(31)
Info (10041): Inferred latch for "proximo_estado.A_2" at Controladora.vhd(31)
Info (10041): Inferred latch for "proximo_estado.F_2" at Controladora.vhd(31)
Info (10041): Inferred latch for "proximo_estado.E2" at Controladora.vhd(31)
Info (10041): Inferred latch for "proximo_estado.A_1" at Controladora.vhd(31)
Info (10041): Inferred latch for "proximo_estado.F_1" at Controladora.vhd(31)
Info (10041): Inferred latch for "proximo_estado.E1" at Controladora.vhd(31)
Info (10041): Inferred latch for "proximo_estado.A_T" at Controladora.vhd(31)
Info (10041): Inferred latch for "proximo_estado.F_T" at Controladora.vhd(31)
Info (10041): Inferred latch for "led[0]" at Controladora.vhd(31)
Info (10041): Inferred latch for "led[1]" at Controladora.vhd(31)
Info (10041): Inferred latch for "led[2]" at Controladora.vhd(31)
Info (10041): Inferred latch for "led[3]" at Controladora.vhd(31)
Info (10041): Inferred latch for "motor[0]" at Controladora.vhd(31)
Info (10041): Inferred latch for "motor[1]" at Controladora.vhd(31)
Info (12128): Elaborating entity "Datapath" for hierarchy "Datapath:path"
Info (12128): Elaborating entity "Decodificador" for hierarchy "Datapath:path|Decodificador:decod"
Info (12128): Elaborating entity "multiplexador" for hierarchy "Datapath:path|multiplexador:mux0"
Info (12128): Elaborating entity "Bcd_7seg" for hierarchy "Datapath:path|Bcd_7seg:BCD"
Info (12128): Elaborating entity "Reg_Motor" for hierarchy "Datapath:path|Reg_Motor:reg_M"
Info (12128): Elaborating entity "FlipFlopD" for hierarchy "Datapath:path|FlipFlopD:r0"
Info (12128): Elaborating entity "Contador" for hierarchy "Datapath:path|Contador:tempor"
Info (12128): Elaborating entity "DivisorClock" for hierarchy "Datapath:path|Contador:tempor|DivisorClock:div1"
Warning (13012): Latch controladora:control|led[0] has unsafe behavior
    Warning (13013): Ports D and ENA on the latch are fed by the same signal controladora:control|estado_atual.E2
Warning (13012): Latch controladora:control|led[1] has unsafe behavior
    Warning (13013): Ports D and ENA on the latch are fed by the same signal controladora:control|estado_atual.E2
Warning (13012): Latch controladora:control|motor[0] has unsafe behavior
    Warning (13013): Ports D and ENA on the latch are fed by the same signal Datapath:path|FlipFlopD:r2|Q
Warning (13012): Latch controladora:control|motor[1] has unsafe behavior
    Warning (13013): Ports D and ENA on the latch are fed by the same signal Datapath:path|FlipFlopD:r0|Q
Warning (13012): Latch controladora:control|proximo_estado.F_1_573 has unsafe behavior
    Warning (13013): Ports D and ENA on the latch are fed by the same signal S_porta
Warning (13012): Latch controladora:control|proximo_estado.A_1_539 has unsafe behavior
    Warning (13013): Ports D and ENA on the latch are fed by the same signal S_porta
Warning (13012): Latch controladora:control|proximo_estado.F_2_471 has unsafe behavior
    Warning (13013): Ports D and ENA on the latch are fed by the same signal S_porta
Warning (13012): Latch controladora:control|proximo_estado.A_2_437 has unsafe behavior
    Warning (13013): Ports D and ENA on the latch are fed by the same signal S_porta
Warning (13012): Latch controladora:control|proximo_estado.A_T_641 has unsafe behavior
    Warning (13013): Ports D and ENA on the latch are fed by the same signal controladora:control|estado_atual.A_T
Warning (13012): Latch controladora:control|proximo_estado.F_T_675 has unsafe behavior
    Warning (13013): Ports D and ENA on the latch are fed by the same signal controladora:control|estado_atual.A_T
Warning (13024): Output pins are stuck at VCC or GND
    Warning (13410): Pin "LED_out[1]" is stuck at GND
Info (286030): Timing-Driven Synthesis is running
Info (16010): Generating hard_block partition "hard_block:auto_generated_inst"
    Info (16011): Adding 0 node(s), including 0 DDIO, 0 PLL, 0 transceiver and 0 LCELL
Info (21057): Implemented 149 device resources after synthesis - the final resource count might be different
    Info (21058): Implemented 13 input pins
    Info (21059): Implemented 13 output pins
    Info (21061): Implemented 123 logic cells
Info: Quartus II 64-Bit Analysis & Synthesis was successful. 0 errors, 29 warnings
    Info: Peak virtual memory: 4635 megabytes
    Info: Processing ended: Wed Dec 07 19:58:34 2022
    Info: Elapsed time: 00:00:03
    Info: Total CPU time (on all processors): 00:00:02


